TN:
SF:src\controllers\OperacoesController.js
FN:3,(anonymous_0)
FN:16,(anonymous_1)
FN:29,(anonymous_2)
FN:45,(anonymous_3)
FN:59,(anonymous_4)
FNF:5
FNH:5
FNDA:1,(anonymous_0)
FNDA:1,(anonymous_1)
FNDA:1,(anonymous_2)
FNDA:1,(anonymous_3)
FNDA:1,(anonymous_4)
DA:3,1
DA:5,1
DA:6,1
DA:7,1
DA:10,0
DA:16,1
DA:18,1
DA:19,1
DA:20,1
DA:22,0
DA:29,1
DA:31,1
DA:32,1
DA:34,1
DA:36,0
DA:45,1
DA:47,1
DA:48,1
DA:50,1
DA:52,0
DA:59,1
DA:61,1
DA:62,1
DA:64,1
DA:66,0
DA:72,1
LF:26
LH:21
BRF:0
BRH:0
end_of_record
